<?xml version="1.0" encoding="UTF-8"?>
<!-- Generated by org.testng.reporters.JUnitXMLReporter -->
<testsuite ignored="0" hostname="Rahuls-MacBook-Air.local" failures="0" tests="3" name="Test" time="28.217" errors="0" timestamp="2024-12-28T14:44:04 IST">
  <testcase classname="testpackage.LoginTest" name="login" time="3.591"/>
  <testcase classname="testpackage.LoginTest" name="login" time="3.367"/>
  <testcase classname="testpackage.LoginTest" name="login" time="4.078"/>
</testsuite> <!-- Test -->
