<?xml version="1.0" encoding="UTF-8"?>
<!-- Generated by org.testng.reporters.JUnitXMLReporter -->
<testsuite ignored="0" hostname="Rahuls-MacBook-Air.local" failures="0" tests="3" name="Test" time="23.928" errors="0" timestamp="2024-12-28T13:40:55 IST">
  <testcase classname="testpackage.LoginTest" name="login" time="3.575"/>
  <testcase classname="testpackage.LoginTest" name="login" time="3.168"/>
  <testcase classname="testpackage.LoginTest" name="login" time="3.314"/>
</testsuite> <!-- Test -->
