<?xml version="1.0" encoding="UTF-8"?>
<!-- Generated by org.testng.reporters.JUnitXMLReporter -->
<testsuite ignored="0" hostname="Rahuls-MacBook-Air.local" failures="0" tests="3" name="Test" time="46.584" errors="0" timestamp="2024-12-15T16:07:21 IST">
  <testcase classname="testpackage.LoginTest" name="login" time="4.963"/>
  <testcase classname="testpackage.LoginTest" name="login" time="4.548"/>
  <testcase classname="testpackage.LoginTest" name="login" time="5.621"/>
</testsuite> <!-- Test -->
