<?xml version="1.0" encoding="UTF-8"?>
<testsuite xmlns:xsi="http://www.w3.org/2001/XMLSchema-instance" xsi:noNamespaceSchemaLocation="https://maven.apache.org/surefire/maven-surefire-plugin/xsd/surefire-test-report.xsd" version="3.0.2" name="TestSuite" time="51.789" tests="3" errors="0" skipped="0" failures="0">
  <properties>
[...]
</properties>
  <testcase name="login[neelam01@gmail.com, 12345678](1)" classname="testpackage.LoginTest" time="5.111">
    <system-out><![CDATA[browser openbrowser
chrome
url
https://freelance-learn-automation.vercel.app/login
4    2
testing ......Welcome neelam01 to Learn Automation Courses
]]></system-out>
    <system-err><![CDATA[SLF4J: Failed to load class "org.slf4j.impl.StaticLoggerBinder".
SLF4J: Defaulting to no-operation (NOP) logger implementation
SLF4J: See http://www.slf4j.org/codes.html#StaticLoggerBinder for further details.
Dec 15, 2024 4:06:54 PM org.openqa.selenium.devtools.CdpVersionFinder findNearestMatch
WARNING: Unable to find an exact match for CDP version 131, returning the closest version; found: 128; Please update to a Selenium version that supports CDP version 131
]]></system-err>
  </testcase>
  <testcase name="login[neelam02@gmail.com, 12345678](2)" classname="testpackage.LoginTest" time="4.44">
    <system-out><![CDATA[testing ......Welcome neelam to Learn Automation Courses
]]></system-out>
  </testcase>
  <testcase name="login[neelam03@gmail.com, 12345678](3)" classname="testpackage.LoginTest" time="5.618">
    <system-out><![CDATA[testing ......Welcome NEELAM to Learn Automation Courses
]]></system-out>
  </testcase>
</testsuite>