<?xml version="1.0" encoding="UTF-8"?>
<testng-results ignored="0" total="3" passed="3" failed="0" skipped="0">
  <reporter-output>
  </reporter-output>
  <suite started-at="2024-12-28T13:26:40 IST" name="Suite" finished-at="2024-12-28T13:27:02 IST" duration-ms="22744">
    <groups>
      <group name="smoke">
        <method signature="LoginTest.login(java.lang.String,java.lang.String)[pri:0, instance:testpackage.LoginTest@1ca3b418]" name="login" class="testpackage.LoginTest"/>
      </group> <!-- smoke -->
      <group name="regrssion">
        <method signature="LoginTest.login(java.lang.String,java.lang.String)[pri:0, instance:testpackage.LoginTest@1ca3b418]" name="login" class="testpackage.LoginTest"/>
      </group> <!-- regrssion -->
    </groups>
    <test started-at="2024-12-28T13:26:40 IST" name="Test" finished-at="2024-12-28T13:27:02 IST" duration-ms="22744">
      <class name="testpackage.LoginTest">
        <test-method is-config="true" signature="setup()[pri:0, instance:testpackage.LoginTest@1ca3b418]" started-at="2024-12-28T13:26:40 IST" name="setup" finished-at="2024-12-28T13:26:50 IST" duration-ms="10487" status="PASS">
          <reporter-output>
          </reporter-output>
        </test-method> <!-- setup -->
        <test-method signature="login(java.lang.String,java.lang.String)[pri:0, instance:testpackage.LoginTest@1ca3b418]" started-at="2024-12-28T13:26:51 IST" name="login" data-provider="newdata" finished-at="2024-12-28T13:26:55 IST" duration-ms="3523" status="PASS">
          <params>
            <param index="0">
              <value>
                <![CDATA[neelam01@gmail.com]]>
              </value>
            </param>
            <param index="1">
              <value>
                <![CDATA[12345678]]>
              </value>
            </param>
          </params>
          <reporter-output>
          </reporter-output>
        </test-method> <!-- login -->
        <test-method signature="login(java.lang.String,java.lang.String)[pri:0, instance:testpackage.LoginTest@1ca3b418]" started-at="2024-12-28T13:26:55 IST" name="login" data-provider="newdata" finished-at="2024-12-28T13:26:58 IST" duration-ms="3217" status="PASS">
          <params>
            <param index="0">
              <value>
                <![CDATA[neelam02@gmail.com]]>
              </value>
            </param>
            <param index="1">
              <value>
                <![CDATA[12345678]]>
              </value>
            </param>
          </params>
          <reporter-output>
          </reporter-output>
        </test-method> <!-- login -->
        <test-method signature="login(java.lang.String,java.lang.String)[pri:0, instance:testpackage.LoginTest@1ca3b418]" started-at="2024-12-28T13:26:58 IST" name="login" data-provider="newdata" finished-at="2024-12-28T13:27:02 IST" duration-ms="3615" status="PASS">
          <params>
            <param index="0">
              <value>
                <![CDATA[neelam03@gmail.com]]>
              </value>
            </param>
            <param index="1">
              <value>
                <![CDATA[12345678]]>
              </value>
            </param>
          </params>
          <reporter-output>
          </reporter-output>
        </test-method> <!-- login -->
        <test-method is-config="true" signature="tearDown()[pri:0, instance:testpackage.LoginTest@1ca3b418]" started-at="2024-12-28T13:27:02 IST" name="tearDown" finished-at="2024-12-28T13:27:02 IST" duration-ms="495" status="PASS">
          <reporter-output>
          </reporter-output>
        </test-method> <!-- tearDown -->
      </class> <!-- testpackage.LoginTest -->
    </test> <!-- Test -->
  </suite> <!-- Suite -->
</testng-results>
